<?xml version="1.0" encoding="UTF-8"?>
<testsuite xmlns:xsi="http://www.w3.org/2001/XMLSchema-instance" xsi:noNamespaceSchemaLocation="https://maven.apache.org/surefire/maven-surefire-plugin/xsd/surefire-test-report-3.0.xsd" version="3.0" name="TestSuite" time="17.838" tests="4" errors="0" skipped="0" failures="0">
  <properties>
[...]
</properties>
  <testcase name="tc_VerifyClickOnSignIn" classname="com.Automation.TestCases.LaunchPageTest" time="0.876">
    <system-out><![CDATA[[INFO ] 2020-06-24-22-06 BaseClass:83 - Initializing Selenium WebDriver to start execution
[INFO ] 2020-06-24-22-06 BaseClass:83 - Initializing Selenium WebDriver to start execution
[INFO ] 2020-06-24-22-06 BaseClass:83 - Initializing Selenium WebDriver to start execution
[INFO ] 2020-06-24-22-06 BaseClass:83 - Initializing Selenium WebDriver to start execution
[INFO ] 2020-06-24-22-06 BaseClass:119 - Launching Firefox Browser in Remote
[INFO ] 2020-06-24-22-06 BaseClass:98 - Launching Firefox Browser in Local
[INFO ] 2020-06-24-22-06 BaseClass:114 - Launching Chrome Browser in Remote
[INFO ] 2020-06-24-22-06 BaseClass:88 - Launching Chrome Browser in Local
[INFO ] 2020-06-24-22-06 BaseClass:95 - Chrome Browser is launched in Local
[INFO ] 2020-06-24-22-06 BaseClass:104 - Firefox Browser in Local
[INFO ] 2020-06-24-22-06 BaseClass:143 - Selenium WebDriver is initialized successfully to start execution
[INFO ] 2020-06-24-22-06 TestListeners:87 - Test Case:tc_VerifyClickOnSignIn has started
[INFO ] 2020-06-24-22-06 LaunchPage:25 - Start Method:tc_VerifyClickOnSignIn
[INFO ] 2020-06-24-22-06 LaunchPage:27 - End Method:tc_VerifyClickOnSignIn
[INFO ] 2020-06-24-22-06 TestListeners:95 - Test Case:tc_VerifyClickOnSignIn has executed successfully
]]></system-out>
    <system-err><![CDATA[SLF4J: Failed to load class "org.slf4j.impl.StaticLoggerBinder".
SLF4J: Defaulting to no-operation (NOP) logger implementation
SLF4J: See http://www.slf4j.org/codes.html#StaticLoggerBinder for further details.
Jun 24, 2020 10:06:26 PM org.openqa.selenium.remote.DesiredCapabilities firefox
INFO: Using `new FirefoxOptions()` is preferred to `DesiredCapabilities.firefox()`
Jun 24, 2020 10:06:26 PM org.openqa.selenium.remote.DesiredCapabilities chrome
INFO: Using `new ChromeOptions()` is preferred to `DesiredCapabilities.chrome()`
Starting ChromeDriver 83.0.4103.39 (ccbf011cb2d2b19b506d844400483861342c20cd-refs/branch-heads/4103@{#416}) on port 23362
Only local connections are allowed.
Please see https://chromedriver.chromium.org/security-considerations for suggestions on keeping ChromeDriver safe.
ChromeDriver was started successfully.
1593029186961	mozrunner::runner	INFO	Running command: "/Applications/Firefox.app/Contents/MacOS/firefox-bin" "-marionette" "-foreground" "-no-remote" "-profile" "/var/folders/gt/hh2_zcbj5sgbqrkz1wx5rdsm0000gn/T/rust_mozprofiled7yXFq"
Jun 24, 2020 10:06:27 PM org.openqa.selenium.remote.ProtocolHandshake createSession
INFO: Detected dialect: W3C
1593029188913	Marionette	INFO	Listening on port 50553
1593029188997	Marionette	WARN	TLS certificate errors will be ignored for this session
Jun 24, 2020 10:06:29 PM org.openqa.selenium.remote.ProtocolHandshake createSession
INFO: Detected dialect: W3C
JavaScript error: resource://gre/modules/URIFixup.jsm, line 203: NS_ERROR_FAILURE: Should pass a non-null uri
]]></system-err>
  </testcase>
  <testcase name="tc_VerifyClickOnSignIn" classname="com.Automation.TestCases.LaunchPageTest" time="1.701">
    <system-out><![CDATA[[INFO ] 2020-06-24-22-06 BaseClass:153 - Driver is being closed.
[INFO ] 2020-06-24-22-06 BaseClass:157 - Driver closed successfully.
[INFO ] 2020-06-24-22-06 BaseClass:143 - Selenium WebDriver is initialized successfully to start execution
[INFO ] 2020-06-24-22-06 TestListeners:87 - Test Case:tc_VerifyClickOnSignIn has started
[INFO ] 2020-06-24-22-06 LaunchPage:25 - Start Method:tc_VerifyClickOnSignIn
[INFO ] 2020-06-24-22-06 LaunchPage:27 - End Method:tc_VerifyClickOnSignIn
[INFO ] 2020-06-24-22-06 TestListeners:95 - Test Case:tc_VerifyClickOnSignIn has executed successfully
]]></system-out>
  </testcase>
  <testcase name="tc_VerifyClickOnSignIn" classname="com.Automation.TestCases.LaunchPageTest" time="1.19">
    <system-out><![CDATA[[INFO ] 2020-06-24-22-06 BaseClass:153 - Driver is being closed.
[INFO ] 2020-06-24-22-06 BaseClass:157 - Driver closed successfully.
[INFO ] 2020-06-24-22-06 BaseClass:143 - Selenium WebDriver is initialized successfully to start execution
[INFO ] 2020-06-24-22-06 TestListeners:87 - Test Case:tc_VerifyClickOnSignIn has started
[INFO ] 2020-06-24-22-06 LaunchPage:25 - Start Method:tc_VerifyClickOnSignIn
[INFO ] 2020-06-24-22-06 BaseClass:143 - Selenium WebDriver is initialized successfully to start execution
[INFO ] 2020-06-24-22-06 TestListeners:87 - Test Case:tc_VerifyClickOnSignIn has started
[INFO ] 2020-06-24-22-06 LaunchPage:25 - Start Method:tc_VerifyClickOnSignIn
[INFO ] 2020-06-24-22-06 LaunchPage:27 - End Method:tc_VerifyClickOnSignIn
[INFO ] 2020-06-24-22-06 TestListeners:95 - Test Case:tc_VerifyClickOnSignIn has executed successfully
]]></system-out>
    <system-err><![CDATA[1593029195173	Marionette	INFO	Stopped listening on port 50553
Jun 24, 2020 10:06:37 PM org.openqa.selenium.remote.ProtocolHandshake createSession
INFO: Detected dialect: W3C
Jun 24, 2020 10:06:37 PM org.openqa.selenium.remote.ProtocolHandshake createSession
INFO: Detected dialect: OSS
]]></system-err>
  </testcase>
  <testcase name="tc_VerifyClickOnSignIn" classname="com.Automation.TestCases.LaunchPageTest" time="2.727">
    <system-out><![CDATA[[INFO ] 2020-06-24-22-06 BaseClass:153 - Driver is being closed.
[INFO ] 2020-06-24-22-06 BaseClass:157 - Driver closed successfully.
[INFO ] 2020-06-24-22-06 LaunchPage:27 - End Method:tc_VerifyClickOnSignIn
[INFO ] 2020-06-24-22-06 TestListeners:95 - Test Case:tc_VerifyClickOnSignIn has executed successfully
]]></system-out>
  </testcase>
</testsuite>