<?xml version="1.0" encoding="UTF-8"?>
<testng-results skipped="0" failed="0" ignored="0" total="4" passed="4">
  <reporter-output>
  </reporter-output>
  <suite name="Automation Practise Suite" duration-ms="16730" started-at="2020-06-24T20:06:26Z" finished-at="2020-06-24T20:06:43Z">
    <groups>
    </groups>
    <test name="Chrome Local Test" duration-ms="6693" started-at="2020-06-24T20:06:26Z" finished-at="2020-06-24T20:06:33Z">
      <class name="com.Automation.TestCases.LaunchPageTest">
        <test-method status="PASS" signature="setUpTestCase(java.lang.String, java.lang.String)[pri:0, instance:com.Automation.TestCases.LaunchPageTest@1bc0d349]" name="setUpTestCase" is-config="true" duration-ms="5399" started-at="2020-06-24T20:06:26Z" finished-at="2020-06-24T20:06:31Z">
          <params>
            <param index="0">
              <value>
                <![CDATA[local]]>
              </value>
            </param>
            <param index="1">
              <value>
                <![CDATA[chrome]]>
              </value>
            </param>
          </params>
          <reporter-output>
          </reporter-output>
        </test-method> <!-- setUpTestCase -->
        <test-method status="PASS" signature="setUpTestMethod()[pri:0, instance:com.Automation.TestCases.LaunchPageTest@1bc0d349]" name="setUpTestMethod" is-config="true" duration-ms="12" started-at="2020-06-24T20:06:31Z" finished-at="2020-06-24T20:06:32Z">
          <reporter-output>
          </reporter-output>
        </test-method> <!-- setUpTestMethod -->
        <test-method status="PASS" signature="tc_VerifyClickOnSignIn()[pri:1, instance:com.Automation.TestCases.LaunchPageTest@1bc0d349]" name="tc_VerifyClickOnSignIn" duration-ms="1015" started-at="2020-06-24T20:06:32Z" description="Verify Authentication Page is Opened on click on SignIn link" finished-at="2020-06-24T20:06:33Z">
          <reporter-output>
          </reporter-output>
        </test-method> <!-- tc_VerifyClickOnSignIn -->
        <test-method status="PASS" signature="tearDownTestCase()[pri:0, instance:com.Automation.TestCases.LaunchPageTest@1bc0d349]" name="tearDownTestCase" is-config="true" duration-ms="91" started-at="2020-06-24T20:06:33Z" finished-at="2020-06-24T20:06:33Z">
          <reporter-output>
          </reporter-output>
        </test-method> <!-- tearDownTestCase -->
      </class> <!-- com.Automation.TestCases.LaunchPageTest -->
    </test> <!-- Chrome Local Test -->
    <test name="Firefox Local Test" duration-ms="10011" started-at="2020-06-24T20:06:26Z" finished-at="2020-06-24T20:06:36Z">
      <class name="com.Automation.TestCases.LaunchPageTest">
        <test-method status="PASS" signature="setUpTestCase(java.lang.String, java.lang.String)[pri:0, instance:com.Automation.TestCases.LaunchPageTest@5b3a7ef5]" name="setUpTestCase" is-config="true" duration-ms="6999" started-at="2020-06-24T20:06:26Z" finished-at="2020-06-24T20:06:33Z">
          <params>
            <param index="0">
              <value>
                <![CDATA[local]]>
              </value>
            </param>
            <param index="1">
              <value>
                <![CDATA[firefox]]>
              </value>
            </param>
          </params>
          <reporter-output>
          </reporter-output>
        </test-method> <!-- setUpTestCase -->
        <test-method status="PASS" signature="setUpTestMethod()[pri:0, instance:com.Automation.TestCases.LaunchPageTest@5b3a7ef5]" name="setUpTestMethod" is-config="true" duration-ms="0" started-at="2020-06-24T20:06:33Z" finished-at="2020-06-24T20:06:33Z">
          <reporter-output>
          </reporter-output>
        </test-method> <!-- setUpTestMethod -->
        <test-method status="PASS" signature="tc_VerifyClickOnSignIn()[pri:1, instance:com.Automation.TestCases.LaunchPageTest@5b3a7ef5]" name="tc_VerifyClickOnSignIn" duration-ms="1702" started-at="2020-06-24T20:06:33Z" description="Verify Authentication Page is Opened on click on SignIn link" finished-at="2020-06-24T20:06:35Z">
          <reporter-output>
          </reporter-output>
        </test-method> <!-- tc_VerifyClickOnSignIn -->
        <test-method status="PASS" signature="tearDownTestCase()[pri:0, instance:com.Automation.TestCases.LaunchPageTest@5b3a7ef5]" name="tearDownTestCase" is-config="true" duration-ms="1281" started-at="2020-06-24T20:06:35Z" finished-at="2020-06-24T20:06:36Z">
          <reporter-output>
          </reporter-output>
        </test-method> <!-- tearDownTestCase -->
      </class> <!-- com.Automation.TestCases.LaunchPageTest -->
    </test> <!-- Firefox Local Test -->
    <test name="Firefox Remote Test" duration-ms="15916" started-at="2020-06-24T20:06:26Z" finished-at="2020-06-24T20:06:42Z">
      <class name="com.Automation.TestCases.LaunchPageTest">
        <test-method status="PASS" signature="setUpTestCase(java.lang.String, java.lang.String)[pri:0, instance:com.Automation.TestCases.LaunchPageTest@fab35b1]" name="setUpTestCase" is-config="true" duration-ms="13014" started-at="2020-06-24T20:06:26Z" finished-at="2020-06-24T20:06:39Z">
          <params>
            <param index="0">
              <value>
                <![CDATA[remote]]>
              </value>
            </param>
            <param index="1">
              <value>
                <![CDATA[firefox]]>
              </value>
            </param>
          </params>
          <reporter-output>
          </reporter-output>
        </test-method> <!-- setUpTestCase -->
        <test-method status="PASS" signature="setUpTestMethod()[pri:0, instance:com.Automation.TestCases.LaunchPageTest@fab35b1]" name="setUpTestMethod" is-config="true" duration-ms="0" started-at="2020-06-24T20:06:39Z" finished-at="2020-06-24T20:06:39Z">
          <reporter-output>
          </reporter-output>
        </test-method> <!-- setUpTestMethod -->
        <test-method status="PASS" signature="tc_VerifyClickOnSignIn()[pri:1, instance:com.Automation.TestCases.LaunchPageTest@fab35b1]" name="tc_VerifyClickOnSignIn" duration-ms="1875" started-at="2020-06-24T20:06:39Z" description="Verify Authentication Page is Opened on click on SignIn link" finished-at="2020-06-24T20:06:41Z">
          <reporter-output>
          </reporter-output>
        </test-method> <!-- tc_VerifyClickOnSignIn -->
        <test-method status="PASS" signature="tearDownTestCase()[pri:0, instance:com.Automation.TestCases.LaunchPageTest@fab35b1]" name="tearDownTestCase" is-config="true" duration-ms="997" started-at="2020-06-24T20:06:41Z" finished-at="2020-06-24T20:06:42Z">
          <reporter-output>
          </reporter-output>
        </test-method> <!-- tearDownTestCase -->
      </class> <!-- com.Automation.TestCases.LaunchPageTest -->
    </test> <!-- Firefox Remote Test -->
    <test name="Chrome Remote Test" duration-ms="16730" started-at="2020-06-24T20:06:26Z" finished-at="2020-06-24T20:06:43Z">
      <class name="com.Automation.TestCases.LaunchPageTest">
        <test-method status="PASS" signature="setUpTestCase(java.lang.String, java.lang.String)[pri:0, instance:com.Automation.TestCases.LaunchPageTest@34d52ecd]" name="setUpTestCase" is-config="true" duration-ms="13700" started-at="2020-06-24T20:06:26Z" finished-at="2020-06-24T20:06:40Z">
          <params>
            <param index="0">
              <value>
                <![CDATA[remote]]>
              </value>
            </param>
            <param index="1">
              <value>
                <![CDATA[chrome]]>
              </value>
            </param>
          </params>
          <reporter-output>
          </reporter-output>
        </test-method> <!-- setUpTestCase -->
        <test-method status="PASS" signature="setUpTestMethod()[pri:0, instance:com.Automation.TestCases.LaunchPageTest@34d52ecd]" name="setUpTestMethod" is-config="true" duration-ms="0" started-at="2020-06-24T20:06:40Z" finished-at="2020-06-24T20:06:40Z">
          <reporter-output>
          </reporter-output>
        </test-method> <!-- setUpTestMethod -->
        <test-method status="PASS" signature="tc_VerifyClickOnSignIn()[pri:1, instance:com.Automation.TestCases.LaunchPageTest@34d52ecd]" name="tc_VerifyClickOnSignIn" duration-ms="2728" started-at="2020-06-24T20:06:40Z" description="Verify Authentication Page is Opened on click on SignIn link" finished-at="2020-06-24T20:06:42Z">
          <reporter-output>
          </reporter-output>
        </test-method> <!-- tc_VerifyClickOnSignIn -->
        <test-method status="PASS" signature="tearDownTestCase()[pri:0, instance:com.Automation.TestCases.LaunchPageTest@34d52ecd]" name="tearDownTestCase" is-config="true" duration-ms="273" started-at="2020-06-24T20:06:42Z" finished-at="2020-06-24T20:06:43Z">
          <reporter-output>
          </reporter-output>
        </test-method> <!-- tearDownTestCase -->
      </class> <!-- com.Automation.TestCases.LaunchPageTest -->
    </test> <!-- Chrome Remote Test -->
  </suite> <!-- Automation Practise Suite -->
</testng-results>
