<?xml version="1.0" encoding="UTF-8"?>
<!-- Generated by org.testng.reporters.JUnitXMLReporter -->
<testsuite hostname="Sujatas-MacBook-Pro-2.local" ignored="0" name="Firefox Local Test" tests="1" failures="1" timestamp="24 Jun 2020 09:16:46 GMT" time="9.601" errors="0">
  <testcase name="tc_VerifyClickOnSignIn" time="1.406" classname="com.Automation.TestCases.LaunchPageTest">
    <failure type="java.lang.AssertionError" message="expected:&amp;lt;Login - My Store&amp;gt; but was:&amp;lt;Login - My Stor&amp;gt;">
      <![CDATA[java.lang.AssertionError: expected:<Login - My Store> but was:<Login - My Stor>
at com.Automation.TestCases.LaunchPageTest.tc_VerifyClickOnSignIn(LaunchPageTest.java:35)
at java.util.concurrent.FutureTask.run(FutureTask.java:266)
at java.util.concurrent.ThreadPoolExecutor.runWorker(ThreadPoolExecutor.java:1149)
at java.util.concurrent.ThreadPoolExecutor$Worker.run(ThreadPoolExecutor.java:624)
at java.lang.Thread.run(Thread.java:748)
... Removed 20 stack frames]]>
    </failure>
  </testcase> <!-- tc_VerifyClickOnSignIn -->
</testsuite> <!-- Firefox Local Test -->
